<?xml version="1.0" encoding="UTF-8"?>
<testsuite xmlns:xsi="http://www.w3.org/2001/XMLSchema-instance" xsi:noNamespaceSchemaLocation="https://maven.apache.org/surefire/maven-surefire-plugin/xsd/surefire-test-report.xsd" name="CucumberTest" time="3.859" tests="1" errors="1" skipped="0" failures="0">
  <properties>
    <property name="java.specification.version" value="17"/>
    <property name="sun.jnu.encoding" value="UTF-8"/>
    <property name="java.class.path" value="/home/andregomes04/TQS_97541/lab5/lab5_3/flight/target/test-classes:/home/andregomes04/TQS_97541/lab5/lab5_3/flight/target/classes:/home/andregomes04/.m2/repository/org/junit/jupiter/junit-jupiter/5.8.2/junit-jupiter-5.8.2.jar:/home/andregomes04/.m2/repository/org/junit/jupiter/junit-jupiter-api/5.8.2/junit-jupiter-api-5.8.2.jar:/home/andregomes04/.m2/repository/org/opentest4j/opentest4j/1.2.0/opentest4j-1.2.0.jar:/home/andregomes04/.m2/repository/org/junit/platform/junit-platform-commons/1.8.2/junit-platform-commons-1.8.2.jar:/home/andregomes04/.m2/repository/org/junit/jupiter/junit-jupiter-params/5.8.2/junit-jupiter-params-5.8.2.jar:/home/andregomes04/.m2/repository/org/junit/jupiter/junit-jupiter-engine/5.8.2/junit-jupiter-engine-5.8.2.jar:/home/andregomes04/.m2/repository/org/junit/platform/junit-platform-suite/1.8.2/junit-platform-suite-1.8.2.jar:/home/andregomes04/.m2/repository/org/junit/platform/junit-platform-suite-api/1.8.2/junit-platform-suite-api-1.8.2.jar:/home/andregomes04/.m2/repository/org/junit/platform/junit-platform-suite-engine/1.8.2/junit-platform-suite-engine-1.8.2.jar:/home/andregomes04/.m2/repository/org/junit/platform/junit-platform-suite-commons/1.8.2/junit-platform-suite-commons-1.8.2.jar:/home/andregomes04/.m2/repository/org/junit/platform/junit-platform-launcher/1.8.2/junit-platform-launcher-1.8.2.jar:/home/andregomes04/.m2/repository/io/cucumber/cucumber-java/7.2.3/cucumber-java-7.2.3.jar:/home/andregomes04/.m2/repository/io/cucumber/cucumber-core/7.2.3/cucumber-core-7.2.3.jar:/home/andregomes04/.m2/repository/io/cucumber/cucumber-gherkin/7.2.3/cucumber-gherkin-7.2.3.jar:/home/andregomes04/.m2/repository/io/cucumber/cucumber-gherkin-messages/7.2.3/cucumber-gherkin-messages-7.2.3.jar:/home/andregomes04/.m2/repository/io/cucumber/messages/17.1.1/messages-17.1.1.jar:/home/andregomes04/.m2/repository/io/cucumber/tag-expressions/4.1.0/tag-expressions-4.1.0.jar:/home/andregomes04/.m2/repository/io/cucumber/cucumber-expressions/15.0.1/cucumber-expressions-15.0.1.jar:/home/andregomes04/.m2/repository/io/cucumber/datatable/7.2.3/datatable-7.2.3.jar:/home/andregomes04/.m2/repository/io/cucumber/cucumber-plugin/7.2.3/cucumber-plugin-7.2.3.jar:/home/andregomes04/.m2/repository/io/cucumber/docstring/7.2.3/docstring-7.2.3.jar:/home/andregomes04/.m2/repository/io/cucumber/html-formatter/17.0.0/html-formatter-17.0.0.jar:/home/andregomes04/.m2/repository/io/cucumber/ci-environment/8.1.0/ci-environment-8.1.0.jar:/home/andregomes04/.m2/repository/org/apiguardian/apiguardian-api/1.1.2/apiguardian-api-1.1.2.jar:/home/andregomes04/.m2/repository/io/cucumber/cucumber-junit-platform-engine/7.2.3/cucumber-junit-platform-engine-7.2.3.jar:/home/andregomes04/.m2/repository/org/junit/platform/junit-platform-engine/1.8.2/junit-platform-engine-1.8.2.jar:/home/andregomes04/.m2/repository/org/seleniumhq/selenium/selenium-java/4.1.2/selenium-java-4.1.2.jar:/home/andregomes04/.m2/repository/org/seleniumhq/selenium/selenium-api/4.1.2/selenium-api-4.1.2.jar:/home/andregomes04/.m2/repository/org/seleniumhq/selenium/selenium-chrome-driver/4.1.2/selenium-chrome-driver-4.1.2.jar:/home/andregomes04/.m2/repository/com/google/auto/service/auto-service-annotations/1.0.1/auto-service-annotations-1.0.1.jar:/home/andregomes04/.m2/repository/com/google/auto/service/auto-service/1.0.1/auto-service-1.0.1.jar:/home/andregomes04/.m2/repository/com/google/auto/auto-common/1.2/auto-common-1.2.jar:/home/andregomes04/.m2/repository/com/google/guava/guava/31.0.1-jre/guava-31.0.1-jre.jar:/home/andregomes04/.m2/repository/com/google/guava/failureaccess/1.0.1/failureaccess-1.0.1.jar:/home/andregomes04/.m2/repository/com/google/guava/listenablefuture/9999.0-empty-to-avoid-conflict-with-guava/listenablefuture-9999.0-empty-to-avoid-conflict-with-guava.jar:/home/andregomes04/.m2/repository/com/google/code/findbugs/jsr305/3.0.2/jsr305-3.0.2.jar:/home/andregomes04/.m2/repository/org/checkerframework/checker-qual/3.12.0/checker-qual-3.12.0.jar:/home/andregomes04/.m2/repository/com/google/errorprone/error_prone_annotations/2.7.1/error_prone_annotations-2.7.1.jar:/home/andregomes04/.m2/repository/com/google/j2objc/j2objc-annotations/1.3/j2objc-annotations-1.3.jar:/home/andregomes04/.m2/repository/org/seleniumhq/selenium/selenium-chromium-driver/4.1.2/selenium-chromium-driver-4.1.2.jar:/home/andregomes04/.m2/repository/org/seleniumhq/selenium/selenium-json/4.1.2/selenium-json-4.1.2.jar:/home/andregomes04/.m2/repository/org/seleniumhq/selenium/selenium-devtools-v85/4.1.2/selenium-devtools-v85-4.1.2.jar:/home/andregomes04/.m2/repository/org/seleniumhq/selenium/selenium-devtools-v95/4.1.2/selenium-devtools-v95-4.1.2.jar:/home/andregomes04/.m2/repository/org/seleniumhq/selenium/selenium-devtools-v96/4.1.2/selenium-devtools-v96-4.1.2.jar:/home/andregomes04/.m2/repository/org/seleniumhq/selenium/selenium-devtools-v97/4.1.2/selenium-devtools-v97-4.1.2.jar:/home/andregomes04/.m2/repository/org/seleniumhq/selenium/selenium-edge-driver/4.1.2/selenium-edge-driver-4.1.2.jar:/home/andregomes04/.m2/repository/org/seleniumhq/selenium/selenium-firefox-driver/4.1.2/selenium-firefox-driver-4.1.2.jar:/home/andregomes04/.m2/repository/org/seleniumhq/selenium/selenium-firefox-xpi-driver/4.1.2/selenium-firefox-xpi-driver-4.1.2.jar:/home/andregomes04/.m2/repository/org/seleniumhq/selenium/selenium-ie-driver/4.1.2/selenium-ie-driver-4.1.2.jar:/home/andregomes04/.m2/repository/org/seleniumhq/selenium/selenium-opera-driver/4.1.2/selenium-opera-driver-4.1.2.jar:/home/andregomes04/.m2/repository/org/seleniumhq/selenium/selenium-remote-driver/4.1.2/selenium-remote-driver-4.1.2.jar:/home/andregomes04/.m2/repository/com/beust/jcommander/1.82/jcommander-1.82.jar:/home/andregomes04/.m2/repository/io/netty/netty-buffer/4.1.73.Final/netty-buffer-4.1.73.Final.jar:/home/andregomes04/.m2/repository/io/netty/netty-codec-http/4.1.73.Final/netty-codec-http-4.1.73.Final.jar:/home/andregomes04/.m2/repository/io/netty/netty-codec/4.1.73.Final/netty-codec-4.1.73.Final.jar:/home/andregomes04/.m2/repository/io/netty/netty-handler/4.1.73.Final/netty-handler-4.1.73.Final.jar:/home/andregomes04/.m2/repository/io/netty/netty-tcnative-classes/2.0.46.Final/netty-tcnative-classes-2.0.46.Final.jar:/home/andregomes04/.m2/repository/io/netty/netty-common/4.1.73.Final/netty-common-4.1.73.Final.jar:/home/andregomes04/.m2/repository/io/netty/netty-transport-classes-epoll/4.1.73.Final/netty-transport-classes-epoll-4.1.73.Final.jar:/home/andregomes04/.m2/repository/io/netty/netty-transport-classes-kqueue/4.1.73.Final/netty-transport-classes-kqueue-4.1.73.Final.jar:/home/andregomes04/.m2/repository/io/netty/netty-transport-native-epoll/4.1.73.Final/netty-transport-native-epoll-4.1.73.Final.jar:/home/andregomes04/.m2/repository/io/netty/netty-transport-native-kqueue/4.1.73.Final/netty-transport-native-kqueue-4.1.73.Final.jar:/home/andregomes04/.m2/repository/io/netty/netty-transport-native-unix-common/4.1.73.Final/netty-transport-native-unix-common-4.1.73.Final.jar:/home/andregomes04/.m2/repository/io/netty/netty-transport/4.1.73.Final/netty-transport-4.1.73.Final.jar:/home/andregomes04/.m2/repository/io/netty/netty-resolver/4.1.73.Final/netty-resolver-4.1.73.Final.jar:/home/andregomes04/.m2/repository/io/opentelemetry/opentelemetry-api/1.10.1/opentelemetry-api-1.10.1.jar:/home/andregomes04/.m2/repository/io/opentelemetry/opentelemetry-context/1.10.1/opentelemetry-context-1.10.1.jar:/home/andregomes04/.m2/repository/io/opentelemetry/opentelemetry-exporter-logging/1.10.1/opentelemetry-exporter-logging-1.10.1.jar:/home/andregomes04/.m2/repository/io/opentelemetry/opentelemetry-sdk-metrics/1.10.1-alpha/opentelemetry-sdk-metrics-1.10.1-alpha.jar:/home/andregomes04/.m2/repository/io/opentelemetry/opentelemetry-sdk-logs/1.10.1-alpha/opentelemetry-sdk-logs-1.10.1-alpha.jar:/home/andregomes04/.m2/repository/io/opentelemetry/opentelemetry-sdk-common/1.10.1/opentelemetry-sdk-common-1.10.1.jar:/home/andregomes04/.m2/repository/io/opentelemetry/opentelemetry-sdk-extension-autoconfigure-spi/1.10.1/opentelemetry-sdk-extension-autoconfigure-spi-1.10.1.jar:/home/andregomes04/.m2/repository/io/opentelemetry/opentelemetry-sdk-extension-autoconfigure/1.10.1-alpha/opentelemetry-sdk-extension-autoconfigure-1.10.1-alpha.jar:/home/andregomes04/.m2/repository/io/opentelemetry/opentelemetry-sdk-trace/1.10.1/opentelemetry-sdk-trace-1.10.1.jar:/home/andregomes04/.m2/repository/io/opentelemetry/opentelemetry-sdk/1.10.1/opentelemetry-sdk-1.10.1.jar:/home/andregomes04/.m2/repository/io/opentelemetry/opentelemetry-semconv/1.10.1-alpha/opentelemetry-semconv-1.10.1-alpha.jar:/home/andregomes04/.m2/repository/io/ous/jtoml/2.0.0/jtoml-2.0.0.jar:/home/andregomes04/.m2/repository/net/bytebuddy/byte-buddy/1.12.7/byte-buddy-1.12.7.jar:/home/andregomes04/.m2/repository/org/apache/commons/commons-exec/1.3/commons-exec-1.3.jar:/home/andregomes04/.m2/repository/org/asynchttpclient/async-http-client/2.12.3/async-http-client-2.12.3.jar:/home/andregomes04/.m2/repository/org/asynchttpclient/async-http-client-netty-utils/2.12.3/async-http-client-netty-utils-2.12.3.jar:/home/andregomes04/.m2/repository/io/netty/netty-codec-socks/4.1.60.Final/netty-codec-socks-4.1.60.Final.jar:/home/andregomes04/.m2/repository/io/netty/netty-handler-proxy/4.1.60.Final/netty-handler-proxy-4.1.60.Final.jar:/home/andregomes04/.m2/repository/io/netty/netty-transport-native-epoll/4.1.60.Final/netty-transport-native-epoll-4.1.60.Final-linux-x86_64.jar:/home/andregomes04/.m2/repository/io/netty/netty-transport-native-kqueue/4.1.60.Final/netty-transport-native-kqueue-4.1.60.Final-osx-x86_64.jar:/home/andregomes04/.m2/repository/org/reactivestreams/reactive-streams/1.0.3/reactive-streams-1.0.3.jar:/home/andregomes04/.m2/repository/com/typesafe/netty/netty-reactive-streams/2.0.4/netty-reactive-streams-2.0.4.jar:/home/andregomes04/.m2/repository/com/sun/activation/jakarta.activation/1.2.2/jakarta.activation-1.2.2.jar:/home/andregomes04/.m2/repository/org/seleniumhq/selenium/selenium-http/4.1.2/selenium-http-4.1.2.jar:/home/andregomes04/.m2/repository/net/jodah/failsafe/2.4.4/failsafe-2.4.4.jar:/home/andregomes04/.m2/repository/org/seleniumhq/selenium/selenium-safari-driver/4.1.2/selenium-safari-driver-4.1.2.jar:/home/andregomes04/.m2/repository/org/seleniumhq/selenium/selenium-support/4.1.2/selenium-support-4.1.2.jar:/home/andregomes04/.m2/repository/io/github/bonigarcia/webdrivermanager/5.1.0/webdrivermanager-5.1.0.jar:/home/andregomes04/.m2/repository/org/slf4j/slf4j-api/1.7.36/slf4j-api-1.7.36.jar:/home/andregomes04/.m2/repository/com/google/code/gson/gson/2.9.0/gson-2.9.0.jar:/home/andregomes04/.m2/repository/com/github/docker-java/docker-java/3.2.13/docker-java-3.2.13.jar:/home/andregomes04/.m2/repository/com/github/docker-java/docker-java-core/3.2.13/docker-java-core-3.2.13.jar:/home/andregomes04/.m2/repository/com/github/docker-java/docker-java-api/3.2.13/docker-java-api-3.2.13.jar:/home/andregomes04/.m2/repository/com/fasterxml/jackson/core/jackson-annotations/2.10.3/jackson-annotations-2.10.3.jar:/home/andregomes04/.m2/repository/commons-io/commons-io/2.6/commons-io-2.6.jar:/home/andregomes04/.m2/repository/org/apache/commons/commons-compress/1.21/commons-compress-1.21.jar:/home/andregomes04/.m2/repository/com/fasterxml/jackson/core/jackson-databind/2.10.3/jackson-databind-2.10.3.jar:/home/andregomes04/.m2/repository/com/fasterxml/jackson/core/jackson-core/2.10.3/jackson-core-2.10.3.jar:/home/andregomes04/.m2/repository/org/bouncycastle/bcpkix-jdk15on/1.64/bcpkix-jdk15on-1.64.jar:/home/andregomes04/.m2/repository/org/bouncycastle/bcprov-jdk15on/1.64/bcprov-jdk15on-1.64.jar:/home/andregomes04/.m2/repository/org/slf4j/jcl-over-slf4j/1.7.30/jcl-over-slf4j-1.7.30.jar:/home/andregomes04/.m2/repository/com/github/docker-java/docker-java-transport-httpclient5/3.2.13/docker-java-transport-httpclient5-3.2.13.jar:/home/andregomes04/.m2/repository/com/github/docker-java/docker-java-transport/3.2.13/docker-java-transport-3.2.13.jar:/home/andregomes04/.m2/repository/org/apache/httpcomponents/client5/httpclient5/5.0.3/httpclient5-5.0.3.jar:/home/andregomes04/.m2/repository/org/apache/httpcomponents/core5/httpcore5/5.0.2/httpcore5-5.0.2.jar:/home/andregomes04/.m2/repository/commons-codec/commons-codec/1.13/commons-codec-1.13.jar:/home/andregomes04/.m2/repository/net/java/dev/jna/jna/5.8.0/jna-5.8.0.jar:/home/andregomes04/.m2/repository/org/brotli/dec/0.1.2/dec-0.1.2.jar:/home/andregomes04/.m2/repository/org/apache/commons/commons-lang3/3.12.0/commons-lang3-3.12.0.jar:"/>
    <property name="java.vm.vendor" value="Oracle Corporation"/>
    <property name="sun.arch.data.model" value="64"/>
    <property name="java.vendor.url" value="https://java.oracle.com/"/>
    <property name="os.name" value="Linux"/>
    <property name="java.vm.specification.version" value="17"/>
    <property name="sun.java.launcher" value="SUN_STANDARD"/>
    <property name="sun.boot.library.path" value="/usr/lib/jvm/java-17-oracle/lib"/>
    <property name="sun.java.command" value="/home/andregomes04/TQS_97541/lab5/lab5_3/flight/target/surefire/surefirebooter13916112020651912864.jar /home/andregomes04/TQS_97541/lab5/lab5_3/flight/target/surefire 2024-03-21T19-25-09_972-jvmRun1 surefire1218775592516394597tmp surefire_07842688791337205188tmp"/>
    <property name="jdk.debug" value="release"/>
    <property name="surefire.test.class.path" value="/home/andregomes04/TQS_97541/lab5/lab5_3/flight/target/test-classes:/home/andregomes04/TQS_97541/lab5/lab5_3/flight/target/classes:/home/andregomes04/.m2/repository/org/junit/jupiter/junit-jupiter/5.8.2/junit-jupiter-5.8.2.jar:/home/andregomes04/.m2/repository/org/junit/jupiter/junit-jupiter-api/5.8.2/junit-jupiter-api-5.8.2.jar:/home/andregomes04/.m2/repository/org/opentest4j/opentest4j/1.2.0/opentest4j-1.2.0.jar:/home/andregomes04/.m2/repository/org/junit/platform/junit-platform-commons/1.8.2/junit-platform-commons-1.8.2.jar:/home/andregomes04/.m2/repository/org/junit/jupiter/junit-jupiter-params/5.8.2/junit-jupiter-params-5.8.2.jar:/home/andregomes04/.m2/repository/org/junit/jupiter/junit-jupiter-engine/5.8.2/junit-jupiter-engine-5.8.2.jar:/home/andregomes04/.m2/repository/org/junit/platform/junit-platform-suite/1.8.2/junit-platform-suite-1.8.2.jar:/home/andregomes04/.m2/repository/org/junit/platform/junit-platform-suite-api/1.8.2/junit-platform-suite-api-1.8.2.jar:/home/andregomes04/.m2/repository/org/junit/platform/junit-platform-suite-engine/1.8.2/junit-platform-suite-engine-1.8.2.jar:/home/andregomes04/.m2/repository/org/junit/platform/junit-platform-suite-commons/1.8.2/junit-platform-suite-commons-1.8.2.jar:/home/andregomes04/.m2/repository/org/junit/platform/junit-platform-launcher/1.8.2/junit-platform-launcher-1.8.2.jar:/home/andregomes04/.m2/repository/io/cucumber/cucumber-java/7.2.3/cucumber-java-7.2.3.jar:/home/andregomes04/.m2/repository/io/cucumber/cucumber-core/7.2.3/cucumber-core-7.2.3.jar:/home/andregomes04/.m2/repository/io/cucumber/cucumber-gherkin/7.2.3/cucumber-gherkin-7.2.3.jar:/home/andregomes04/.m2/repository/io/cucumber/cucumber-gherkin-messages/7.2.3/cucumber-gherkin-messages-7.2.3.jar:/home/andregomes04/.m2/repository/io/cucumber/messages/17.1.1/messages-17.1.1.jar:/home/andregomes04/.m2/repository/io/cucumber/tag-expressions/4.1.0/tag-expressions-4.1.0.jar:/home/andregomes04/.m2/repository/io/cucumber/cucumber-expressions/15.0.1/cucumber-expressions-15.0.1.jar:/home/andregomes04/.m2/repository/io/cucumber/datatable/7.2.3/datatable-7.2.3.jar:/home/andregomes04/.m2/repository/io/cucumber/cucumber-plugin/7.2.3/cucumber-plugin-7.2.3.jar:/home/andregomes04/.m2/repository/io/cucumber/docstring/7.2.3/docstring-7.2.3.jar:/home/andregomes04/.m2/repository/io/cucumber/html-formatter/17.0.0/html-formatter-17.0.0.jar:/home/andregomes04/.m2/repository/io/cucumber/ci-environment/8.1.0/ci-environment-8.1.0.jar:/home/andregomes04/.m2/repository/org/apiguardian/apiguardian-api/1.1.2/apiguardian-api-1.1.2.jar:/home/andregomes04/.m2/repository/io/cucumber/cucumber-junit-platform-engine/7.2.3/cucumber-junit-platform-engine-7.2.3.jar:/home/andregomes04/.m2/repository/org/junit/platform/junit-platform-engine/1.8.2/junit-platform-engine-1.8.2.jar:/home/andregomes04/.m2/repository/org/seleniumhq/selenium/selenium-java/4.1.2/selenium-java-4.1.2.jar:/home/andregomes04/.m2/repository/org/seleniumhq/selenium/selenium-api/4.1.2/selenium-api-4.1.2.jar:/home/andregomes04/.m2/repository/org/seleniumhq/selenium/selenium-chrome-driver/4.1.2/selenium-chrome-driver-4.1.2.jar:/home/andregomes04/.m2/repository/com/google/auto/service/auto-service-annotations/1.0.1/auto-service-annotations-1.0.1.jar:/home/andregomes04/.m2/repository/com/google/auto/service/auto-service/1.0.1/auto-service-1.0.1.jar:/home/andregomes04/.m2/repository/com/google/auto/auto-common/1.2/auto-common-1.2.jar:/home/andregomes04/.m2/repository/com/google/guava/guava/31.0.1-jre/guava-31.0.1-jre.jar:/home/andregomes04/.m2/repository/com/google/guava/failureaccess/1.0.1/failureaccess-1.0.1.jar:/home/andregomes04/.m2/repository/com/google/guava/listenablefuture/9999.0-empty-to-avoid-conflict-with-guava/listenablefuture-9999.0-empty-to-avoid-conflict-with-guava.jar:/home/andregomes04/.m2/repository/com/google/code/findbugs/jsr305/3.0.2/jsr305-3.0.2.jar:/home/andregomes04/.m2/repository/org/checkerframework/checker-qual/3.12.0/checker-qual-3.12.0.jar:/home/andregomes04/.m2/repository/com/google/errorprone/error_prone_annotations/2.7.1/error_prone_annotations-2.7.1.jar:/home/andregomes04/.m2/repository/com/google/j2objc/j2objc-annotations/1.3/j2objc-annotations-1.3.jar:/home/andregomes04/.m2/repository/org/seleniumhq/selenium/selenium-chromium-driver/4.1.2/selenium-chromium-driver-4.1.2.jar:/home/andregomes04/.m2/repository/org/seleniumhq/selenium/selenium-json/4.1.2/selenium-json-4.1.2.jar:/home/andregomes04/.m2/repository/org/seleniumhq/selenium/selenium-devtools-v85/4.1.2/selenium-devtools-v85-4.1.2.jar:/home/andregomes04/.m2/repository/org/seleniumhq/selenium/selenium-devtools-v95/4.1.2/selenium-devtools-v95-4.1.2.jar:/home/andregomes04/.m2/repository/org/seleniumhq/selenium/selenium-devtools-v96/4.1.2/selenium-devtools-v96-4.1.2.jar:/home/andregomes04/.m2/repository/org/seleniumhq/selenium/selenium-devtools-v97/4.1.2/selenium-devtools-v97-4.1.2.jar:/home/andregomes04/.m2/repository/org/seleniumhq/selenium/selenium-edge-driver/4.1.2/selenium-edge-driver-4.1.2.jar:/home/andregomes04/.m2/repository/org/seleniumhq/selenium/selenium-firefox-driver/4.1.2/selenium-firefox-driver-4.1.2.jar:/home/andregomes04/.m2/repository/org/seleniumhq/selenium/selenium-firefox-xpi-driver/4.1.2/selenium-firefox-xpi-driver-4.1.2.jar:/home/andregomes04/.m2/repository/org/seleniumhq/selenium/selenium-ie-driver/4.1.2/selenium-ie-driver-4.1.2.jar:/home/andregomes04/.m2/repository/org/seleniumhq/selenium/selenium-opera-driver/4.1.2/selenium-opera-driver-4.1.2.jar:/home/andregomes04/.m2/repository/org/seleniumhq/selenium/selenium-remote-driver/4.1.2/selenium-remote-driver-4.1.2.jar:/home/andregomes04/.m2/repository/com/beust/jcommander/1.82/jcommander-1.82.jar:/home/andregomes04/.m2/repository/io/netty/netty-buffer/4.1.73.Final/netty-buffer-4.1.73.Final.jar:/home/andregomes04/.m2/repository/io/netty/netty-codec-http/4.1.73.Final/netty-codec-http-4.1.73.Final.jar:/home/andregomes04/.m2/repository/io/netty/netty-codec/4.1.73.Final/netty-codec-4.1.73.Final.jar:/home/andregomes04/.m2/repository/io/netty/netty-handler/4.1.73.Final/netty-handler-4.1.73.Final.jar:/home/andregomes04/.m2/repository/io/netty/netty-tcnative-classes/2.0.46.Final/netty-tcnative-classes-2.0.46.Final.jar:/home/andregomes04/.m2/repository/io/netty/netty-common/4.1.73.Final/netty-common-4.1.73.Final.jar:/home/andregomes04/.m2/repository/io/netty/netty-transport-classes-epoll/4.1.73.Final/netty-transport-classes-epoll-4.1.73.Final.jar:/home/andregomes04/.m2/repository/io/netty/netty-transport-classes-kqueue/4.1.73.Final/netty-transport-classes-kqueue-4.1.73.Final.jar:/home/andregomes04/.m2/repository/io/netty/netty-transport-native-epoll/4.1.73.Final/netty-transport-native-epoll-4.1.73.Final.jar:/home/andregomes04/.m2/repository/io/netty/netty-transport-native-kqueue/4.1.73.Final/netty-transport-native-kqueue-4.1.73.Final.jar:/home/andregomes04/.m2/repository/io/netty/netty-transport-native-unix-common/4.1.73.Final/netty-transport-native-unix-common-4.1.73.Final.jar:/home/andregomes04/.m2/repository/io/netty/netty-transport/4.1.73.Final/netty-transport-4.1.73.Final.jar:/home/andregomes04/.m2/repository/io/netty/netty-resolver/4.1.73.Final/netty-resolver-4.1.73.Final.jar:/home/andregomes04/.m2/repository/io/opentelemetry/opentelemetry-api/1.10.1/opentelemetry-api-1.10.1.jar:/home/andregomes04/.m2/repository/io/opentelemetry/opentelemetry-context/1.10.1/opentelemetry-context-1.10.1.jar:/home/andregomes04/.m2/repository/io/opentelemetry/opentelemetry-exporter-logging/1.10.1/opentelemetry-exporter-logging-1.10.1.jar:/home/andregomes04/.m2/repository/io/opentelemetry/opentelemetry-sdk-metrics/1.10.1-alpha/opentelemetry-sdk-metrics-1.10.1-alpha.jar:/home/andregomes04/.m2/repository/io/opentelemetry/opentelemetry-sdk-logs/1.10.1-alpha/opentelemetry-sdk-logs-1.10.1-alpha.jar:/home/andregomes04/.m2/repository/io/opentelemetry/opentelemetry-sdk-common/1.10.1/opentelemetry-sdk-common-1.10.1.jar:/home/andregomes04/.m2/repository/io/opentelemetry/opentelemetry-sdk-extension-autoconfigure-spi/1.10.1/opentelemetry-sdk-extension-autoconfigure-spi-1.10.1.jar:/home/andregomes04/.m2/repository/io/opentelemetry/opentelemetry-sdk-extension-autoconfigure/1.10.1-alpha/opentelemetry-sdk-extension-autoconfigure-1.10.1-alpha.jar:/home/andregomes04/.m2/repository/io/opentelemetry/opentelemetry-sdk-trace/1.10.1/opentelemetry-sdk-trace-1.10.1.jar:/home/andregomes04/.m2/repository/io/opentelemetry/opentelemetry-sdk/1.10.1/opentelemetry-sdk-1.10.1.jar:/home/andregomes04/.m2/repository/io/opentelemetry/opentelemetry-semconv/1.10.1-alpha/opentelemetry-semconv-1.10.1-alpha.jar:/home/andregomes04/.m2/repository/io/ous/jtoml/2.0.0/jtoml-2.0.0.jar:/home/andregomes04/.m2/repository/net/bytebuddy/byte-buddy/1.12.7/byte-buddy-1.12.7.jar:/home/andregomes04/.m2/repository/org/apache/commons/commons-exec/1.3/commons-exec-1.3.jar:/home/andregomes04/.m2/repository/org/asynchttpclient/async-http-client/2.12.3/async-http-client-2.12.3.jar:/home/andregomes04/.m2/repository/org/asynchttpclient/async-http-client-netty-utils/2.12.3/async-http-client-netty-utils-2.12.3.jar:/home/andregomes04/.m2/repository/io/netty/netty-codec-socks/4.1.60.Final/netty-codec-socks-4.1.60.Final.jar:/home/andregomes04/.m2/repository/io/netty/netty-handler-proxy/4.1.60.Final/netty-handler-proxy-4.1.60.Final.jar:/home/andregomes04/.m2/repository/io/netty/netty-transport-native-epoll/4.1.60.Final/netty-transport-native-epoll-4.1.60.Final-linux-x86_64.jar:/home/andregomes04/.m2/repository/io/netty/netty-transport-native-kqueue/4.1.60.Final/netty-transport-native-kqueue-4.1.60.Final-osx-x86_64.jar:/home/andregomes04/.m2/repository/org/reactivestreams/reactive-streams/1.0.3/reactive-streams-1.0.3.jar:/home/andregomes04/.m2/repository/com/typesafe/netty/netty-reactive-streams/2.0.4/netty-reactive-streams-2.0.4.jar:/home/andregomes04/.m2/repository/com/sun/activation/jakarta.activation/1.2.2/jakarta.activation-1.2.2.jar:/home/andregomes04/.m2/repository/org/seleniumhq/selenium/selenium-http/4.1.2/selenium-http-4.1.2.jar:/home/andregomes04/.m2/repository/net/jodah/failsafe/2.4.4/failsafe-2.4.4.jar:/home/andregomes04/.m2/repository/org/seleniumhq/selenium/selenium-safari-driver/4.1.2/selenium-safari-driver-4.1.2.jar:/home/andregomes04/.m2/repository/org/seleniumhq/selenium/selenium-support/4.1.2/selenium-support-4.1.2.jar:/home/andregomes04/.m2/repository/io/github/bonigarcia/webdrivermanager/5.1.0/webdrivermanager-5.1.0.jar:/home/andregomes04/.m2/repository/org/slf4j/slf4j-api/1.7.36/slf4j-api-1.7.36.jar:/home/andregomes04/.m2/repository/com/google/code/gson/gson/2.9.0/gson-2.9.0.jar:/home/andregomes04/.m2/repository/com/github/docker-java/docker-java/3.2.13/docker-java-3.2.13.jar:/home/andregomes04/.m2/repository/com/github/docker-java/docker-java-core/3.2.13/docker-java-core-3.2.13.jar:/home/andregomes04/.m2/repository/com/github/docker-java/docker-java-api/3.2.13/docker-java-api-3.2.13.jar:/home/andregomes04/.m2/repository/com/fasterxml/jackson/core/jackson-annotations/2.10.3/jackson-annotations-2.10.3.jar:/home/andregomes04/.m2/repository/commons-io/commons-io/2.6/commons-io-2.6.jar:/home/andregomes04/.m2/repository/org/apache/commons/commons-compress/1.21/commons-compress-1.21.jar:/home/andregomes04/.m2/repository/com/fasterxml/jackson/core/jackson-databind/2.10.3/jackson-databind-2.10.3.jar:/home/andregomes04/.m2/repository/com/fasterxml/jackson/core/jackson-core/2.10.3/jackson-core-2.10.3.jar:/home/andregomes04/.m2/repository/org/bouncycastle/bcpkix-jdk15on/1.64/bcpkix-jdk15on-1.64.jar:/home/andregomes04/.m2/repository/org/bouncycastle/bcprov-jdk15on/1.64/bcprov-jdk15on-1.64.jar:/home/andregomes04/.m2/repository/org/slf4j/jcl-over-slf4j/1.7.30/jcl-over-slf4j-1.7.30.jar:/home/andregomes04/.m2/repository/com/github/docker-java/docker-java-transport-httpclient5/3.2.13/docker-java-transport-httpclient5-3.2.13.jar:/home/andregomes04/.m2/repository/com/github/docker-java/docker-java-transport/3.2.13/docker-java-transport-3.2.13.jar:/home/andregomes04/.m2/repository/org/apache/httpcomponents/client5/httpclient5/5.0.3/httpclient5-5.0.3.jar:/home/andregomes04/.m2/repository/org/apache/httpcomponents/core5/httpcore5/5.0.2/httpcore5-5.0.2.jar:/home/andregomes04/.m2/repository/commons-codec/commons-codec/1.13/commons-codec-1.13.jar:/home/andregomes04/.m2/repository/net/java/dev/jna/jna/5.8.0/jna-5.8.0.jar:/home/andregomes04/.m2/repository/org/brotli/dec/0.1.2/dec-0.1.2.jar:/home/andregomes04/.m2/repository/org/apache/commons/commons-lang3/3.12.0/commons-lang3-3.12.0.jar:"/>
    <property name="sun.cpu.endian" value="little"/>
    <property name="user.home" value="/home/andregomes04"/>
    <property name="user.language" value="en"/>
    <property name="java.specification.vendor" value="Oracle Corporation"/>
    <property name="java.version.date" value="2023-01-17"/>
    <property name="java.home" value="/usr/lib/jvm/java-17-oracle"/>
    <property name="file.separator" value="/"/>
    <property name="basedir" value="/home/andregomes04/TQS_97541/lab5/lab5_3/flight"/>
    <property name="java.vm.compressedOopsMode" value="32-bit"/>
    <property name="line.separator" value="&#10;"/>
    <property name="java.vm.specification.vendor" value="Oracle Corporation"/>
    <property name="java.specification.name" value="Java Platform API Specification"/>
    <property name="surefire.real.class.path" value="/home/andregomes04/TQS_97541/lab5/lab5_3/flight/target/surefire/surefirebooter13916112020651912864.jar"/>
    <property name="sun.management.compiler" value="HotSpot 64-Bit Tiered Compilers"/>
    <property name="java.runtime.version" value="17.0.6+9-LTS-190"/>
    <property name="user.name" value="andregomes04"/>
    <property name="path.separator" value=":"/>
    <property name="os.version" value="5.15.146.1-microsoft-standard-WSL2"/>
    <property name="java.runtime.name" value="Java(TM) SE Runtime Environment"/>
    <property name="file.encoding" value="UTF-8"/>
    <property name="java.vm.name" value="Java HotSpot(TM) 64-Bit Server VM"/>
    <property name="localRepository" value="/home/andregomes04/.m2/repository"/>
    <property name="java.vendor.url.bug" value="https://bugreport.java.com/bugreport/"/>
    <property name="java.io.tmpdir" value="/tmp"/>
    <property name="java.version" value="17.0.6"/>
    <property name="cucumber.filter.tags" value="@flight_sample"/>
    <property name="user.dir" value="/home/andregomes04/TQS_97541/lab5/lab5_3/flight"/>
    <property name="os.arch" value="amd64"/>
    <property name="java.vm.specification.name" value="Java Virtual Machine Specification"/>
    <property name="native.encoding" value="UTF-8"/>
    <property name="java.library.path" value="/usr/java/packages/lib:/usr/lib64:/lib64:/lib:/usr/lib"/>
    <property name="java.vm.info" value="mixed mode, sharing"/>
    <property name="java.vendor" value="Oracle Corporation"/>
    <property name="java.vm.version" value="17.0.6+9-LTS-190"/>
    <property name="sun.io.unicode.encoding" value="UnicodeLittle"/>
    <property name="java.class.version" value="61.0"/>
  </properties>
  <testcase name="Booking a trip from one city to another" classname="tqs.lab5.CucumberTest" time="3.79">
    <error message="getElementDomAttribute&#10;Build info: version: &apos;4.1.2&apos;, revision: &apos;9a5a329c5a&apos;&#10;System info: host: &apos;LAPTOP-6PIACK3E&apos;, ip: &apos;127.0.1.1&apos;, os.name: &apos;Linux&apos;, os.arch: &apos;amd64&apos;, os.version: &apos;5.15.146.1-microsoft-standard-WSL2&apos;, java.version: &apos;17.0.6&apos;&#10;Driver info: org.openqa.selenium.chrome.ChromeDriver&#10;Command: [08e78f6e37c87ac0e1800578f286c7d9, getElementDomAttribute {id=0.908359596603241-1, name=multiple}]&#10;Capabilities {acceptSslCerts: true, applicationCacheEnabled: false, browserConnectionEnabled: false, browserName: chrome, chrome: {chromedriverVersion: 2.29.461571 (8a88bbe0775e2a..., userDataDir: /tmp/.org.chromium.Chromium...}, cssSelectorsEnabled: true, databaseEnabled: false, handlesAlerts: true, hasTouchScreen: false, javascriptEnabled: true, locationContextEnabled: true, mobileEmulationEnabled: false, nativeEvents: true, networkConnectionEnabled: false, pageLoadStrategy: normal, platform: LINUX, platformName: LINUX, rotatable: false, takesHeapSnapshot: true, takesScreenshot: true, unexpectedAlertBehaviour: , unhandledPromptBehavior: , version: 122.0.6261.111, webStorageEnabled: true}&#10;Element: [[ChromeDriver: chrome on LINUX (08e78f6e37c87ac0e1800578f286c7d9)] -&gt; name: fromPort]&#10;Session ID: 08e78f6e37c87ac0e1800578f286c7d9" type="org.openqa.selenium.UnsupportedCommandException">org.openqa.selenium.UnsupportedCommandException: 
getElementDomAttribute
Build info: version: '4.1.2', revision: '9a5a329c5a'
System info: host: 'LAPTOP-6PIACK3E', ip: '127.0.1.1', os.name: 'Linux', os.arch: 'amd64', os.version: '5.15.146.1-microsoft-standard-WSL2', java.version: '17.0.6'
Driver info: org.openqa.selenium.chrome.ChromeDriver
Command: [08e78f6e37c87ac0e1800578f286c7d9, getElementDomAttribute {id=0.908359596603241-1, name=multiple}]
Capabilities {acceptSslCerts: true, applicationCacheEnabled: false, browserConnectionEnabled: false, browserName: chrome, chrome: {chromedriverVersion: 2.29.461571 (8a88bbe0775e2a..., userDataDir: /tmp/.org.chromium.Chromium...}, cssSelectorsEnabled: true, databaseEnabled: false, handlesAlerts: true, hasTouchScreen: false, javascriptEnabled: true, locationContextEnabled: true, mobileEmulationEnabled: false, nativeEvents: true, networkConnectionEnabled: false, pageLoadStrategy: normal, platform: LINUX, platformName: LINUX, rotatable: false, takesHeapSnapshot: true, takesScreenshot: true, unexpectedAlertBehaviour: , unhandledPromptBehavior: , version: 122.0.6261.111, webStorageEnabled: true}
Element: [[ChromeDriver: chrome on LINUX (08e78f6e37c87ac0e1800578f286c7d9)] -> name: fromPort]
Session ID: 08e78f6e37c87ac0e1800578f286c7d9
</error>
    <system-err><![CDATA[SLF4J: Failed to load class "org.slf4j.impl.StaticLoggerBinder".
SLF4J: Defaulting to no-operation (NOP) logger implementation
SLF4J: See http://www.slf4j.org/codes.html#StaticLoggerBinder for further details.
Starting ChromeDriver 2.29.461571 (8a88bbe0775e2a23afda0ceaf2ef7ee74e822cc5) on port 53183
Only local connections are allowed.
Mar 21, 2024 7:25:12 PM org.openqa.selenium.remote.ProtocolHandshake createSession
INFO: Detected dialect: OSS
Mar 21, 2024 7:25:12 PM org.openqa.selenium.devtools.CdpVersionFinder findNearestMatch
WARNING: Unable to find an exact match for CDP version 122, so returning the closest version found: a no-op implementation
Mar 21, 2024 7:25:12 PM org.openqa.selenium.devtools.CdpVersionFinder findNearestMatch
INFO: Unable to find CDP implementation matching 122.
Mar 21, 2024 7:25:12 PM org.openqa.selenium.chromium.ChromiumDriver lambda$new$3
WARNING: Unable to find version of CDP to use for . You may need to include a dependency on a specific version of the CDP using something similar to `org.seleniumhq.selenium:selenium-devtools-v86:4.1.2` where the version ("v86") matches the version of the chromium-based browser you're using and the version number of the artifact is the same as Selenium's.
]]></system-err>
  </testcase>
</testsuite>